<?xml version="1.0" encoding="UTF-8"?>
<TestRun id="09d9dd46-c9e9-4f6c-b459-1abea2eb76d2" name="Truong Tho@TRUONGTHO-PC 2012-05-17 23:41:57" runUser="TruongTho-PC\Truong Tho" xmlns="http://microsoft.com/schemas/VisualStudio/TeamTest/2010">
  <TestSettings name="Local" id="0210f5e3-9eec-4396-b5fb-9dc61770bc14">
    <Description>These are default test settings for a local test run.</Description>
    <Deployment enabled="false" runDeploymentRoot="Truong Tho_TRUONGTHO-PC 2012-05-17 23_41_57">
      <DeploymentItem filename="F:\Workplace\WPF-WCF\SourceProject\kyan-projects\DemoRalcon\DemoRalcon\bin\Debug\DemoRalcon.exe" />
      <DeploymentItem filename="C:\Program Files (x86)\System.Data.SQLite\2010\bin\System.Data.SQLite.dll" />
    </Deployment>
    <Execution>
      <TestTypeSpecific />
      <AgentRule name="Execution Agents">
      </AgentRule>
    </Execution>
  </TestSettings>
  <Times creation="2012-05-17T23:41:57.3901728+07:00" queuing="2012-05-17T23:42:00.2823382+07:00" start="2012-05-17T23:42:00.3393415+07:00" finish="2012-05-17T23:42:01.1523880+07:00" />
  <ResultSummary outcome="Failed">
    <Counters total="1" executed="1" error="0" failed="1" timeout="0" aborted="0" inconclusive="0" passedButRunAborted="0" notRunnable="0" notExecuted="0" disconnected="0" warning="0" passed="0" completed="0" inProgress="0" pending="0" />
  </ResultSummary>
  <TestDefinitions>
    <UnitTest name="DeleteTest" storage="f:\workplace\wpf-wcf\sourceproject\kyan-projects\demoralcon\dataaccesstest\bin\debug\dataaccesstest.dll" id="9c8c3799-ea34-1023-da2e-8e821d6e131b">
      <Execution id="e5a01208-e255-4bf9-9285-5b0f7a6272c2" />
      <TestMethod codeBase="F:/Workplace/WPF-WCF/SourceProject/kyan-projects/DemoRalcon/DataAccessTest/bin/Debug/DataAccessTest.DLL" adapterTypeName="Microsoft.VisualStudio.TestTools.TestTypes.Unit.UnitTestAdapter, Microsoft.VisualStudio.QualityTools.Tips.UnitTest.Adapter, Version=10.0.0.0, Culture=neutral, PublicKeyToken=b03f5f7f11d50a3a" className="DataAccessTest.DepartmentDetailDataAccessTest, DataAccessTest, Version=1.0.0.0, Culture=neutral, PublicKeyToken=null" name="DeleteTest" />
    </UnitTest>
  </TestDefinitions>
  <TestLists>
    <TestList name="Results Not in a List" id="8c84fa94-04c1-424b-9868-57a2d4851a1d" />
    <TestList name="All Loaded Results" id="19431567-8539-422a-85d7-44ee4e166bda" />
  </TestLists>
  <TestEntries>
    <TestEntry testId="9c8c3799-ea34-1023-da2e-8e821d6e131b" executionId="e5a01208-e255-4bf9-9285-5b0f7a6272c2" testListId="8c84fa94-04c1-424b-9868-57a2d4851a1d" />
  </TestEntries>
  <Results>
    <UnitTestResult executionId="e5a01208-e255-4bf9-9285-5b0f7a6272c2" testId="9c8c3799-ea34-1023-da2e-8e821d6e131b" testName="DeleteTest" computerName="TRUONGTHO-PC" duration="00:00:00.1557684" startTime="2012-05-17T23:42:00.3523423+07:00" endTime="2012-05-17T23:42:01.0913845+07:00" testType="13cdc9d9-ddb5-4fa4-a97d-d965ccfc6d4b" outcome="Failed" testListId="8c84fa94-04c1-424b-9868-57a2d4851a1d" relativeResultsDirectory="e5a01208-e255-4bf9-9285-5b0f7a6272c2">
      <Output>
        <DebugTrace>
|| === Exception === 
|| Source :DemoRalcon
|| Message :Object reference not set to an instance of an object.
|| StackTrace :   at DemoFalcon.DataAccess.DepartmentDetailDataAccess.Delete(DepartmentDetailModel departmentDetailModel) in F:\Workplace\WPF-WCF\SourceProject\kyan-projects\DemoRalcon\DemoRalcon\DataAccess\DepartmentDetailDataAccess.cs:line 322
|| TargetSite :Boolean Delete(DemoFalcon.Model.DepartmentDetailModel)
|| Data :
|| All :System.NullReferenceException: Object reference not set to an instance of an object.
||   at DemoFalcon.DataAccess.DepartmentDetailDataAccess.Delete(DepartmentDetailModel departmentDetailModel) in F:\Workplace\WPF-WCF\SourceProject\kyan-projects\DemoRalcon\DemoRalcon\DataAccess\DepartmentDetailDataAccess.cs:line 322
|| Data System.Collections.ListDictionaryInternal
</DebugTrace>
        <ErrorInfo>
          <Message>Test method DataAccessTest.DepartmentDetailDataAccessTest.DeleteTest threw exception: 
System.NullReferenceException: Object reference not set to an instance of an object.</Message>
          <StackTrace>    at DemoFalcon.DataAccess.DepartmentDetailDataAccess.Delete(DepartmentDetailModel departmentDetailModel) in F:\Workplace\WPF-WCF\SourceProject\kyan-projects\DemoRalcon\DemoRalcon\DataAccess\DepartmentDetailDataAccess.cs:line 333
   at DataAccessTest.DepartmentDetailDataAccessTest.DeleteTest() in F:\Workplace\WPF-WCF\SourceProject\kyan-projects\DemoRalcon\DataAccessTest\DepartmentDetailDataAccessTest.cs:line 90
</StackTrace>
        </ErrorInfo>
      </Output>
    </UnitTestResult>
  </Results>
</TestRun>