<?xml version="1.0" encoding="UTF-8"?>
<TestRun id="93c7bbbd-11f1-4d11-9570-347bafb74936" name="Truong Tho@TRUONGTHO-PC 2012-05-17 23:42:55" runUser="TruongTho-PC\Truong Tho" xmlns="http://microsoft.com/schemas/VisualStudio/TeamTest/2010">
  <TestSettings name="Local" id="0210f5e3-9eec-4396-b5fb-9dc61770bc14">
    <Description>These are default test settings for a local test run.</Description>
    <Deployment enabled="false" runDeploymentRoot="Truong Tho_TRUONGTHO-PC 2012-05-17 23_42_55">
      <DeploymentItem filename="F:\Workplace\WPF-WCF\SourceProject\kyan-projects\DemoRalcon\DemoRalcon\bin\Debug\DemoRalcon.exe" />
      <DeploymentItem filename="C:\Program Files (x86)\System.Data.SQLite\2010\bin\System.Data.SQLite.dll" />
    </Deployment>
    <Execution>
      <TestTypeSpecific />
      <AgentRule name="Execution Agents">
      </AgentRule>
    </Execution>
  </TestSettings>
  <Times creation="2012-05-17T23:42:55.3844899+07:00" queuing="2012-05-17T23:42:55.4314926+07:00" start="2012-05-17T23:42:55.4484936+07:00" finish="2012-05-17T23:42:55.8415161+07:00" />
  <ResultSummary outcome="Failed">
    <Counters total="1" executed="1" error="0" failed="1" timeout="0" aborted="0" inconclusive="0" passedButRunAborted="0" notRunnable="0" notExecuted="0" disconnected="0" warning="0" passed="0" completed="0" inProgress="0" pending="0" />
  </ResultSummary>
  <TestDefinitions>
    <UnitTest name="InsertTest" storage="f:\workplace\wpf-wcf\sourceproject\kyan-projects\demoralcon\dataaccesstest\bin\debug\dataaccesstest.dll" id="4712bf5a-4abb-35d7-c28b-fe6c50248269">
      <Execution id="1765a904-2e71-45f1-9f25-03ed2e68a150" />
      <TestMethod codeBase="F:/Workplace/WPF-WCF/SourceProject/kyan-projects/DemoRalcon/DataAccessTest/bin/Debug/DataAccessTest.DLL" adapterTypeName="Microsoft.VisualStudio.TestTools.TestTypes.Unit.UnitTestAdapter, Microsoft.VisualStudio.QualityTools.Tips.UnitTest.Adapter, Version=10.0.0.0, Culture=neutral, PublicKeyToken=b03f5f7f11d50a3a" className="DataAccessTest.EmployeeDataAccessTest, DataAccessTest, Version=1.0.0.0, Culture=neutral, PublicKeyToken=null" name="InsertTest" />
    </UnitTest>
  </TestDefinitions>
  <TestLists>
    <TestList name="Results Not in a List" id="8c84fa94-04c1-424b-9868-57a2d4851a1d" />
    <TestList name="All Loaded Results" id="19431567-8539-422a-85d7-44ee4e166bda" />
  </TestLists>
  <TestEntries>
    <TestEntry testId="4712bf5a-4abb-35d7-c28b-fe6c50248269" executionId="1765a904-2e71-45f1-9f25-03ed2e68a150" testListId="8c84fa94-04c1-424b-9868-57a2d4851a1d" />
  </TestEntries>
  <Results>
    <UnitTestResult executionId="1765a904-2e71-45f1-9f25-03ed2e68a150" testId="4712bf5a-4abb-35d7-c28b-fe6c50248269" testName="InsertTest" computerName="TRUONGTHO-PC" duration="00:00:00.0979433" startTime="2012-05-17T23:42:55.4684947+07:00" endTime="2012-05-17T23:42:55.8255151+07:00" testType="13cdc9d9-ddb5-4fa4-a97d-d965ccfc6d4b" outcome="Failed" testListId="8c84fa94-04c1-424b-9868-57a2d4851a1d" relativeResultsDirectory="1765a904-2e71-45f1-9f25-03ed2e68a150">
      <Output>
        <DebugTrace>
|| === Exception === 
|| Source :DemoRalcon
|| Message :Object reference not set to an instance of an object.
|| StackTrace :   at DemoFalcon.DataAccess.EmployeeDataAccess.Insert(EmployeeModel employeeModel) in F:\Workplace\WPF-WCF\SourceProject\kyan-projects\DemoRalcon\DemoRalcon\DataAccess\EmployeeDataAccess.cs:line 261
|| TargetSite :Boolean Insert(DemoFalcon.Model.EmployeeModel)
|| Data :
|| All :System.NullReferenceException: Object reference not set to an instance of an object.
||   at DemoFalcon.DataAccess.EmployeeDataAccess.Insert(EmployeeModel employeeModel) in F:\Workplace\WPF-WCF\SourceProject\kyan-projects\DemoRalcon\DemoRalcon\DataAccess\EmployeeDataAccess.cs:line 261
|| Data System.Collections.ListDictionaryInternal
</DebugTrace>
        <ErrorInfo>
          <Message>Test method DataAccessTest.EmployeeDataAccessTest.InsertTest threw exception: 
System.NullReferenceException: Object reference not set to an instance of an object.</Message>
          <StackTrace>    at DemoFalcon.DataAccess.EmployeeDataAccess.Insert(EmployeeModel employeeModel) in F:\Workplace\WPF-WCF\SourceProject\kyan-projects\DemoRalcon\DemoRalcon\DataAccess\EmployeeDataAccess.cs:line 283
   at DataAccessTest.EmployeeDataAccessTest.InsertTest() in F:\Workplace\WPF-WCF\SourceProject\kyan-projects\DemoRalcon\DataAccessTest\EmployeeDataAccessTest.cs:line 150
</StackTrace>
        </ErrorInfo>
      </Output>
    </UnitTestResult>
  </Results>
</TestRun>